    3356  prj\lib\DRW\DWGdirectWriter.cpp       17                    Key Not Found                                       Creating an Invalid entity                                                             21A7
    3356  prj\lib\DRW\DWGdirectWriter.cpp       17                    Key Not Found                                       Creating an Invalid entity                                                             21F5
    3356  prj\lib\DRW\DWGdirectWriter.cpp       17                    Key Not Found                                       Creating an Invalid entity                                                             21FC
    3356  prj\lib\DRW\DWGdirectWriter.cpp       17                    Key Not Found                                       Creating an Invalid entity                                                             220C
    3356  prj\lib\DRW\DWGdirectWriter.cpp       17                    Key Not Found                                       Creating an Invalid entity                                                             2213
    3356  prj\lib\DRW\DWGdirectWriter.cpp       17                    Key Not Found                                       Creating an Invalid entity                                                             2222
    3356  prj\lib\DRW\DWGdirectWriter.cpp       17                    Key Not Found                                       Creating an Invalid entity                                                             2231
    3356  prj\lib\DRW\DWGdirectWriter.cpp       17                    Key Not Found                                       Creating an Invalid entity                                                             2241
    3356  prj\lib\DRW\DWGdirectWriter.cpp       17                    Key Not Found                                       Creating an Invalid entity                                                             2251
    3356  prj\lib\DRW\DWGdirectWriter.cpp       17                    Key Not Found                                       Creating an Invalid entity                                                             226D
    3356  prj\lib\DRW\DWGdirectWriter.cpp       17                    Key Not Found                                       Creating an Invalid entity                                                             2289
    3356  prj\lib\DRW\DWGdirectWriter.cpp       17                    Key Not Found                                       Creating an Invalid entity                                                             22D7
    3356  prj\lib\DRW\DWGdirectWriter.cpp       17                    Key Not Found                                       Creating an Invalid entity                                                             22DE
    3356  prj\lib\DRW\DWGdirectWriter.cpp       17                    Key Not Found                                       Creating an Invalid entity                                                             22EE
    3356  prj\lib\DRW\DWGdirectWriter.cpp       17                    Key Not Found                                       Creating an Invalid entity                                                             22F5
    3356  prj\lib\DRW\DWGdirectWriter.cpp       17                    Key Not Found                                       Creating an Invalid entity                                                             2304
    3356  prj\lib\DRW\DWGdirectWriter.cpp       17                    Key Not Found                                       Creating an Invalid entity                                                             2313
    3356  prj\lib\DRW\DWGdirectWriter.cpp       17                    Key Not Found                                       Creating an Invalid entity                                                             2323
    3356  prj\lib\DRW\DWGdirectWriter.cpp       17                    Key Not Found                                       Creating an Invalid entity                                                             2333
    3356  prj\lib\DRW\DWGdirectWriter.cpp       17                    Key Not Found                                       Creating an Invalid entity                                                             234F
    3356  prj\lib\DRW\DWGdirectWriter.cpp       17                    Key Not Found                                       Creating an Invalid entity                                                             236B
    3356  prj\lib\DRW\DWGdirectWriter.cpp       17                    Key Not Found                                       Creating an Invalid entity                                                             23B9
    3356  prj\lib\DRW\DWGdirectWriter.cpp       17                    Key Not Found                                       Creating an Invalid entity                                                             23C0
    3356  prj\lib\DRW\DWGdirectWriter.cpp       17                    Key Not Found                                       Creating an Invalid entity                                                             23D0
    3356  prj\lib\DRW\DWGdirectWriter.cpp       17                    Key Not Found                                       Creating an Invalid entity                                                             23D7
    3356  prj\lib\DRW\DWGdirectWriter.cpp       17                    Key Not Found                                       Creating an Invalid entity                                                             23E6
    3356  prj\lib\DRW\DWGdirectWriter.cpp       17                    Key Not Found                                       Creating an Invalid entity                                                             23F5
    3356  prj\lib\DRW\DWGdirectWriter.cpp       17                    Key Not Found                                       Creating an Invalid entity                                                             2405
    3356  prj\lib\DRW\DWGdirectWriter.cpp       17                    Key Not Found                                       Creating an Invalid entity                                                             2415
    3356  prj\lib\DRW\DWGdirectWriter.cpp       17                    Key Not Found                                       Creating an Invalid entity                                                             2431
    3356  prj\lib\DRW\DWGdirectWriter.cpp       17                    Key Not Found                                       Creating an Invalid entity                                                             244D
    3356  prj\lib\DRW\DWGdirectWriter.cpp       17                    Key Not Found                                       Creating an Invalid entity                                                             249B
    3356  prj\lib\DRW\DWGdirectWriter.cpp       17                    Key Not Found                                       Creating an Invalid entity                                                             24A2
    3356  prj\lib\DRW\DWGdirectWriter.cpp       17                    Key Not Found                                       Creating an Invalid entity                                                             24B2
    3356  prj\lib\DRW\DWGdirectWriter.cpp       17                    Key Not Found                                       Creating an Invalid entity                                                             24B9
    3356  prj\lib\DRW\DWGdirectWriter.cpp       17                    Key Not Found                                       Creating an Invalid entity                                                             24C8
    3356  prj\lib\DRW\DWGdirectWriter.cpp       17                    Key Not Found                                       Creating an Invalid entity                                                             24D7
    3356  prj\lib\DRW\DWGdirectWriter.cpp       17                    Key Not Found                                       Creating an Invalid entity                                                             24E7
    3356  prj\lib\DRW\DWGdirectWriter.cpp       17                    Key Not Found                                       Creating an Invalid entity                                                             24F7
    3356  prj\lib\DRW\DWGdirectWriter.cpp       17                    Key Not Found                                       Creating an Invalid entity                                                             2513
    3356  prj\lib\DRW\DWGdirectWriter.cpp       17                    Key Not Found                                       Creating an Invalid entity                                                             252F
    3356  prj\lib\DRW\DWGdirectWriter.cpp       17                    Key Not Found                                       Creating an Invalid entity                                                             257D
    3356  prj\lib\DRW\DWGdirectWriter.cpp       17                    Key Not Found                                       Creating an Invalid entity                                                             2584
    3356  prj\lib\DRW\DWGdirectWriter.cpp       17                    Key Not Found                                       Creating an Invalid entity                                                             2594
    3356  prj\lib\DRW\DWGdirectWriter.cpp       17                    Key Not Found                                       Creating an Invalid entity                                                             259B
    3356  prj\lib\DRW\DWGdirectWriter.cpp       17                    Key Not Found                                       Creating an Invalid entity                                                             25AA
    3356  prj\lib\DRW\DWGdirectWriter.cpp       17                    Key Not Found                                       Creating an Invalid entity                                                             25B9
    3356  prj\lib\DRW\DWGdirectWriter.cpp       17                    Key Not Found                                       Creating an Invalid entity                                                             25C9
    3356  prj\lib\DRW\DWGdirectWriter.cpp       17                    Key Not Found                                       Creating an Invalid entity                                                             25D9
    3356  prj\lib\DRW\DWGdirectWriter.cpp       17                    Key Not Found                                       Creating an Invalid entity                                                             25F5
    3356  prj\lib\DRW\DWGdirectWriter.cpp       17                    Key Not Found                                       Creating an Invalid entity                                                             2611
    3356  prj\lib\DRW\DWGdirectWriter.cpp       17                    Key Not Found                                       Creating an Invalid entity                                                             2639
    3356  prj\lib\DRW\DWGdirectWriter.cpp       17                    Key Not Found                                       Creating an Invalid entity                                                             2661
    3356  prj\lib\DRW\DWGdirectWriter.cpp       17                    Key Not Found                                       Creating an Invalid entity                                                             2689
    3356  prj\lib\DRW\DWGdirectWriter.cpp       17                    Key Not Found                                       Creating an Invalid entity                                                             26B1
    3356  prj\lib\DRW\DWGdirectWriter.cpp       17                    Key Not Found                                       Creating an Invalid entity                                                             26D9
    3356  prj\lib\DRW\DWGdirectWriter.cpp       17                    Key Not Found                                       Creating an Invalid entity                                                             2701
    3356  prj\lib\DRW\DWGdirectWriter.cpp       17                    Key Not Found                                       Creating an Invalid entity                                                             2729
    3356  prj\lib\DRW\DWGdirectWriter.cpp       17                    Key Not Found                                       Creating an Invalid entity                                                             2751
    3356  prj\lib\DRW\DWGdirectWriter.cpp       17                    Key Not Found                                       Creating an Invalid entity                                                             2779
    3356  prj\lib\DRW\DWGdirectWriter.cpp       17                    Key Not Found                                       Creating an Invalid entity                                                             27A1
